

Processing HomeController#index (for 127.0.0.1 at 2010-07-05 09:24:50) [GET]
Rendering home/index

ActionView::TemplateError (undefined local variable or method `surveys_path' for #<ActionView::Base:0x2902500>) on line #2 of app/views/home/index.html.erb:
1: <ul class="pageLinks">
2: <li><%= link_to "Surveys", surveys_path %></li>
3: </ul>

    app/views/home/index.html.erb:2
    <internal:prelude>:8:in `synchronize'
    C:/app/Ruby191/lib/ruby/1.9.1/webrick/httpserver.rb:111:in `service'
    C:/app/Ruby191/lib/ruby/1.9.1/webrick/httpserver.rb:70:in `run'
    C:/app/Ruby191/lib/ruby/1.9.1/webrick/server.rb:183:in `block in start_thread'

Rendered rescues/_trace (406.2ms)
Rendered rescues/_request_and_response (0.0ms)
Rendering rescues/layout (internal_server_error)
  [4;36;1mSQL (0.0ms)[0m   [0;1m SELECT name
 FROM sqlite_master
 WHERE type = 'table' AND NOT name = 'sqlite_sequence'
[0m
  [4;35;1mSQL (0.0ms)[0m   [0mselect sqlite_version(*)[0m
  [4;36;1mSQL (281.2ms)[0m   [0;1mCREATE TABLE "schema_migrations" ("version" varchar(255) NOT NULL) [0m
  [4;35;1mSQL (0.0ms)[0m   [0mPRAGMA index_list("schema_migrations")[0m
  [4;36;1mSQL (171.9ms)[0m   [0;1mCREATE UNIQUE INDEX "unique_schema_migrations" ON "schema_migrations" ("version")[0m
  [4;35;1mSQL (0.0ms)[0m   [0m SELECT name
 FROM sqlite_master
 WHERE type = 'table' AND NOT name = 'sqlite_sequence'
[0m
  [4;36;1mSQL (0.0ms)[0m   [0;1mSELECT version FROM schema_migrations[0m
Migrating to CreateSurveys (20100705132653)
  [4;35;1mSQL (0.0ms)[0m   [0mCREATE TABLE "surveys" ("id" INTEGER PRIMARY KEY AUTOINCREMENT NOT NULL, "name" varchar(255), "created_at" datetime, "updated_at" datetime) [0m
  [4;36;1mSQL (0.0ms)[0m   [0;1mINSERT INTO schema_migrations (version) VALUES ('20100705132653')[0m
  [4;35;1mSQL (0.0ms)[0m   [0m SELECT name
 FROM sqlite_master
 WHERE type = 'table' AND NOT name = 'sqlite_sequence'
[0m
  [4;36;1mSQL (0.0ms)[0m   [0;1mSELECT version FROM schema_migrations[0m
  [4;35;1mSQL (0.0ms)[0m   [0m SELECT name
 FROM sqlite_master
 WHERE type = 'table' AND NOT name = 'sqlite_sequence'
[0m
  [4;36;1mSQL (0.0ms)[0m   [0;1mPRAGMA index_list("surveys")[0m
  [4;36;1mSQL (0.0ms)[0m   [0;1m SELECT name
 FROM sqlite_master
 WHERE type = 'table' AND NOT name = 'sqlite_sequence'
[0m
  [4;35;1mSQL (0.0ms)[0m   [0mSELECT version FROM schema_migrations[0m
Migrating to CreateSurveys (20100705132653)
Migrating to CreateQuestions (20100705132947)
  [4;36;1mSQL (0.0ms)[0m   [0;1mselect sqlite_version(*)[0m
  [4;35;1mSQL (0.0ms)[0m   [0mCREATE TABLE "questions" ("id" INTEGER PRIMARY KEY AUTOINCREMENT NOT NULL, "content" text, "survey_id" integer, "created_at" datetime, "updated_at" datetime) [0m
  [4;36;1mSQL (0.0ms)[0m   [0;1mINSERT INTO schema_migrations (version) VALUES ('20100705132947')[0m
  [4;35;1mSQL (0.0ms)[0m   [0m SELECT name
 FROM sqlite_master
 WHERE type = 'table' AND NOT name = 'sqlite_sequence'
[0m
  [4;36;1mSQL (0.0ms)[0m   [0;1mSELECT version FROM schema_migrations[0m
  [4;35;1mSQL (0.0ms)[0m   [0m SELECT name
 FROM sqlite_master
 WHERE type = 'table' AND NOT name = 'sqlite_sequence'
[0m
  [4;36;1mSQL (0.0ms)[0m   [0;1mPRAGMA index_list("questions")[0m
  [4;35;1mSQL (0.0ms)[0m   [0mPRAGMA index_list("surveys")[0m
  [4;36;1mSQL (0.0ms)[0m   [0;1m SELECT name
 FROM sqlite_master
 WHERE type = 'table' AND NOT name = 'sqlite_sequence'
[0m
  [4;35;1mSQL (0.0ms)[0m   [0mSELECT version FROM schema_migrations[0m
Migrating to CreateSurveys (20100705132653)
Migrating to CreateQuestions (20100705132947)
Migrating to CreateChoices (20100705133109)
  [4;36;1mSQL (0.0ms)[0m   [0;1mselect sqlite_version(*)[0m
  [4;35;1mSQL (15.6ms)[0m   [0mCREATE TABLE "choices" ("id" INTEGER PRIMARY KEY AUTOINCREMENT NOT NULL, "content" text, "score" integer, "next" integer, "question_id" integer, "created_at" datetime, "updated_at" datetime) [0m
  [4;36;1mSQL (0.0ms)[0m   [0;1mINSERT INTO schema_migrations (version) VALUES ('20100705133109')[0m
  [4;35;1mSQL (0.0ms)[0m   [0m SELECT name
 FROM sqlite_master
 WHERE type = 'table' AND NOT name = 'sqlite_sequence'
[0m
  [4;36;1mSQL (0.0ms)[0m   [0;1mSELECT version FROM schema_migrations[0m
  [4;35;1mSQL (0.0ms)[0m   [0m SELECT name
 FROM sqlite_master
 WHERE type = 'table' AND NOT name = 'sqlite_sequence'
[0m
  [4;36;1mSQL (0.0ms)[0m   [0;1mPRAGMA index_list("choices")[0m
  [4;35;1mSQL (0.0ms)[0m   [0mPRAGMA index_list("questions")[0m
  [4;36;1mSQL (0.0ms)[0m   [0;1mPRAGMA index_list("surveys")[0m
  [4;36;1mSQL (0.0ms)[0m   [0;1m SELECT name
 FROM sqlite_master
 WHERE type = 'table' AND NOT name = 'sqlite_sequence'
[0m
  [4;35;1mSQL (0.0ms)[0m   [0mSELECT version FROM schema_migrations[0m
Migrating to CreateSurveys (20100705132653)
Migrating to CreateQuestions (20100705132947)
Migrating to CreateChoices (20100705133109)
Migrating to CreateSubmissions (20100705133253)
  [4;36;1mSQL (0.0ms)[0m   [0;1mselect sqlite_version(*)[0m
  [4;35;1mSQL (0.0ms)[0m   [0mCREATE TABLE "submissions" ("id" INTEGER PRIMARY KEY AUTOINCREMENT NOT NULL, "name" varchar(255), "start_time" datetime, "end_time" datetime, "survey_id" integer, "created_at" datetime, "updated_at" datetime) [0m
  [4;36;1mSQL (0.0ms)[0m   [0;1mINSERT INTO schema_migrations (version) VALUES ('20100705133253')[0m
  [4;35;1mSQL (0.0ms)[0m   [0m SELECT name
 FROM sqlite_master
 WHERE type = 'table' AND NOT name = 'sqlite_sequence'
[0m
  [4;36;1mSQL (0.0ms)[0m   [0;1mSELECT version FROM schema_migrations[0m
  [4;35;1mSQL (0.0ms)[0m   [0m SELECT name
 FROM sqlite_master
 WHERE type = 'table' AND NOT name = 'sqlite_sequence'
[0m
  [4;36;1mSQL (0.0ms)[0m   [0;1mPRAGMA index_list("choices")[0m
  [4;35;1mSQL (0.0ms)[0m   [0mPRAGMA index_list("questions")[0m
  [4;36;1mSQL (0.0ms)[0m   [0;1mPRAGMA index_list("submissions")[0m
  [4;35;1mSQL (0.0ms)[0m   [0mPRAGMA index_list("surveys")[0m
  [4;36;1mSQL (0.0ms)[0m   [0;1m SELECT name
 FROM sqlite_master
 WHERE type = 'table' AND NOT name = 'sqlite_sequence'
[0m
  [4;35;1mSQL (0.0ms)[0m   [0mSELECT version FROM schema_migrations[0m
Migrating to CreateSurveys (20100705132653)
Migrating to CreateQuestions (20100705132947)
Migrating to CreateChoices (20100705133109)
Migrating to CreateSubmissions (20100705133253)
Migrating to CreateAnswers (20100705133444)
  [4;36;1mSQL (0.0ms)[0m   [0;1mselect sqlite_version(*)[0m
  [4;35;1mSQL (0.0ms)[0m   [0mCREATE TABLE "answers" ("id" INTEGER PRIMARY KEY AUTOINCREMENT NOT NULL, "submission_id" integer, "choice_id" integer, "created_at" datetime, "updated_at" datetime) [0m
  [4;36;1mSQL (0.0ms)[0m   [0;1mINSERT INTO schema_migrations (version) VALUES ('20100705133444')[0m
  [4;35;1mSQL (0.0ms)[0m   [0m SELECT name
 FROM sqlite_master
 WHERE type = 'table' AND NOT name = 'sqlite_sequence'
[0m
  [4;36;1mSQL (0.0ms)[0m   [0;1mSELECT version FROM schema_migrations[0m
  [4;35;1mSQL (0.0ms)[0m   [0m SELECT name
 FROM sqlite_master
 WHERE type = 'table' AND NOT name = 'sqlite_sequence'
[0m
  [4;36;1mSQL (0.0ms)[0m   [0;1mPRAGMA index_list("answers")[0m
  [4;35;1mSQL (0.0ms)[0m   [0mPRAGMA index_list("choices")[0m
  [4;36;1mSQL (0.0ms)[0m   [0;1mPRAGMA index_list("questions")[0m
  [4;35;1mSQL (0.0ms)[0m   [0mPRAGMA index_list("submissions")[0m
  [4;36;1mSQL (0.0ms)[0m   [0;1mPRAGMA index_list("surveys")[0m
  [4;36;1mSQL (0.0ms)[0m   [0;1m SELECT name
 FROM sqlite_master
 WHERE type = 'table' AND NOT name = 'sqlite_sequence'
[0m
  [4;35;1mSQL (0.0ms)[0m   [0mSELECT version FROM schema_migrations[0m
Migrating to CreateSurveys (20100705132653)
Migrating to CreateQuestions (20100705132947)
Migrating to CreateChoices (20100705133109)
Migrating to CreateSubmissions (20100705133253)
Migrating to CreateAnswers (20100705133444)
  [4;36;1mSQL (0.0ms)[0m   [0;1mselect sqlite_version(*)[0m
  [4;35;1mSQL (0.0ms)[0m   [0m SELECT name
 FROM sqlite_master
 WHERE type = 'table' AND NOT name = 'sqlite_sequence'
[0m
  [4;36;1mSQL (15.6ms)[0m   [0;1mSELECT version FROM schema_migrations[0m
  [4;35;1mSQL (0.0ms)[0m   [0m SELECT name
 FROM sqlite_master
 WHERE type = 'table' AND NOT name = 'sqlite_sequence'
[0m
  [4;36;1mSQL (0.0ms)[0m   [0;1mPRAGMA index_list("answers")[0m
  [4;35;1mSQL (0.0ms)[0m   [0mPRAGMA index_list("choices")[0m
  [4;36;1mSQL (0.0ms)[0m   [0;1mPRAGMA index_list("questions")[0m
  [4;35;1mSQL (0.0ms)[0m   [0mPRAGMA index_list("submissions")[0m
  [4;36;1mSQL (0.0ms)[0m   [0;1mPRAGMA index_list("surveys")[0m


Processing HomeController#index (for 127.0.0.1 at 2010-07-05 09:46:29) [GET]
Rendering template within layouts/application
Rendering home/index
Completed in 47ms (View: 47, DB: 0) | 200 OK [http://localhost/]


Processing HomeController#index (for 127.0.0.1 at 2010-07-05 09:46:48) [GET]
Rendering template within layouts/application
Rendering home/index
Completed in 0ms (View: 0, DB: 0) | 200 OK [http://localhost/]


Processing SurveysController#index (for 127.0.0.1 at 2010-07-05 09:46:51) [GET]
  [4;36;1mSurvey Load (0.0ms)[0m   [0;1mSELECT * FROM "surveys" [0m
Rendering template within layouts/application
Rendering surveys/index
Completed in 266ms (View: 47, DB: 0) | 200 OK [http://localhost/surveys]


Processing HomeController#index (for 127.0.0.1 at 2010-07-05 09:49:23) [GET]
Rendering template within layouts/application
Rendering home/index
Completed in 94ms (View: 94, DB: 0) | 200 OK [http://localhost/]


Processing SurveysController#index (for 127.0.0.1 at 2010-07-05 09:49:25) [GET]
  [4;36;1mSurvey Load (0.0ms)[0m   [0;1mSELECT * FROM "surveys" [0m
Rendering template within layouts/application
Rendering surveys/index
Completed in 266ms (View: 62, DB: 0) | 200 OK [http://localhost/surveys]


Processing SurveysController#new (for 127.0.0.1 at 2010-07-05 09:49:27) [GET]
Rendering template within layouts/application
Rendering surveys/new
Completed in 109ms (View: 62, DB: 0) | 200 OK [http://localhost/surveys/new]


Processing HomeController#index (for 127.0.0.1 at 2010-07-05 09:55:08) [GET]
Rendering template within layouts/application
Rendering home/index
Completed in 94ms (View: 94, DB: 0) | 200 OK [http://localhost/]


Processing SurveysController#index (for 127.0.0.1 at 2010-07-05 09:55:11) [GET]
  [4;36;1mSurvey Load (0.0ms)[0m   [0;1mSELECT * FROM "surveys" [0m
Rendering template within layouts/application
Rendering surveys/index
Completed in 234ms (View: 31, DB: 0) | 200 OK [http://localhost/surveys]
